INFO: [VRFC 10-2263] Analyzing Verilog file "D:/XILINX_PROJECTS/TIMING-MADD-REV02/TIMING-MADD-REV02.sim/sim_1/impl/timing/xsim/LUTY_tb_time_impl.v" into library xil_defaultlib
INFO: [VRFC 10-311] analyzing module IBUF_UNIQ_BASE_
INFO: [VRFC 10-311] analyzing module IBUF_HD1552
INFO: [VRFC 10-311] analyzing module IBUF_HD1553
INFO: [VRFC 10-311] analyzing module IBUF_HD1554
INFO: [VRFC 10-311] analyzing module IBUF_HD1555
INFO: [VRFC 10-311] analyzing module IBUF_HD1556
INFO: [VRFC 10-311] analyzing module IBUF_HD1557
INFO: [VRFC 10-311] analyzing module IBUF_HD1558
INFO: [VRFC 10-311] analyzing module IBUF_HD1559
INFO: [VRFC 10-311] analyzing module IBUF_HD1560
INFO: [VRFC 10-311] analyzing module IBUF_HD1561
INFO: [VRFC 10-311] analyzing module IBUF_HD1562
INFO: [VRFC 10-311] analyzing module IBUF_HD1563
INFO: [VRFC 10-311] analyzing module IBUF_HD1564
INFO: [VRFC 10-311] analyzing module IBUF_HD1565
INFO: [VRFC 10-311] analyzing module IBUF_HD1566
INFO: [VRFC 10-311] analyzing module IBUF_HD1567
INFO: [VRFC 10-311] analyzing module IBUF_HD1568
INFO: [VRFC 10-311] analyzing module IBUF_HD1569
INFO: [VRFC 10-311] analyzing module IBUF_HD1570
INFO: [VRFC 10-311] analyzing module IBUF_HD1571
INFO: [VRFC 10-311] analyzing module IBUF_HD1572
INFO: [VRFC 10-311] analyzing module IBUF_HD1573
INFO: [VRFC 10-311] analyzing module IBUF_HD1574
INFO: [VRFC 10-311] analyzing module IBUF_HD1575
INFO: [VRFC 10-311] analyzing module IBUF_HD1576
INFO: [VRFC 10-311] analyzing module IBUF_HD1577
INFO: [VRFC 10-311] analyzing module IBUF_HD1578
INFO: [VRFC 10-311] analyzing module IBUF_HD1579
INFO: [VRFC 10-311] analyzing module IBUF_HD1580
INFO: [VRFC 10-311] analyzing module IBUF_HD1581
INFO: [VRFC 10-311] analyzing module IBUF_HD1582
INFO: [VRFC 10-311] analyzing module IBUF_HD1583
INFO: [VRFC 10-311] analyzing module IBUF_HD1584
INFO: [VRFC 10-311] analyzing module IBUF_HD1585
INFO: [VRFC 10-311] analyzing module IBUF_HD1586
INFO: [VRFC 10-311] analyzing module IBUF_HD1587
INFO: [VRFC 10-311] analyzing module IBUF_HD1588
INFO: [VRFC 10-311] analyzing module IBUF_HD1589
INFO: [VRFC 10-311] analyzing module IBUF_HD1590
INFO: [VRFC 10-311] analyzing module IBUF_HD1591
INFO: [VRFC 10-311] analyzing module IBUF_HD1592
INFO: [VRFC 10-311] analyzing module IBUF_HD1593
INFO: [VRFC 10-311] analyzing module IBUF_HD1594
INFO: [VRFC 10-311] analyzing module IBUF_HD1595
INFO: [VRFC 10-311] analyzing module IBUF_HD1596
INFO: [VRFC 10-311] analyzing module IBUF_HD1597
INFO: [VRFC 10-311] analyzing module IBUF_HD1598
INFO: [VRFC 10-311] analyzing module IBUF_HD1599
INFO: [VRFC 10-311] analyzing module IBUF_HD1600
INFO: [VRFC 10-311] analyzing module IBUF_HD1601
INFO: [VRFC 10-311] analyzing module IBUF_HD1602
INFO: [VRFC 10-311] analyzing module IBUF_HD1603
INFO: [VRFC 10-311] analyzing module IBUF_HD1604
INFO: [VRFC 10-311] analyzing module IBUF_HD1605
INFO: [VRFC 10-311] analyzing module IBUF_HD1606
INFO: [VRFC 10-311] analyzing module IBUF_HD1607
INFO: [VRFC 10-311] analyzing module IBUF_HD1608
INFO: [VRFC 10-311] analyzing module IBUF_HD1609
INFO: [VRFC 10-311] analyzing module IBUF_HD1610
INFO: [VRFC 10-311] analyzing module IBUF_HD1611
INFO: [VRFC 10-311] analyzing module IBUF_HD1612
INFO: [VRFC 10-311] analyzing module IBUF_HD1613
INFO: [VRFC 10-311] analyzing module IBUF_HD1614
INFO: [VRFC 10-311] analyzing module IBUF_HD1615
INFO: [VRFC 10-311] analyzing module IBUF_HD1616
INFO: [VRFC 10-311] analyzing module IBUF_HD1617
INFO: [VRFC 10-311] analyzing module IBUF_HD1618
INFO: [VRFC 10-311] analyzing module IBUF_HD1619
INFO: [VRFC 10-311] analyzing module IBUF_HD1620
INFO: [VRFC 10-311] analyzing module IBUF_HD1621
INFO: [VRFC 10-311] analyzing module IBUF_HD1622
INFO: [VRFC 10-311] analyzing module IBUF_HD1623
INFO: [VRFC 10-311] analyzing module IBUF_HD1624
INFO: [VRFC 10-311] analyzing module IBUF_HD1625
INFO: [VRFC 10-311] analyzing module IBUF_HD1626
INFO: [VRFC 10-311] analyzing module IBUF_HD1627
INFO: [VRFC 10-311] analyzing module IBUF_HD1628
INFO: [VRFC 10-311] analyzing module IBUF_HD1629
INFO: [VRFC 10-311] analyzing module IBUF_HD1630
INFO: [VRFC 10-311] analyzing module IBUF_HD1631
INFO: [VRFC 10-311] analyzing module IBUF_HD1632
INFO: [VRFC 10-311] analyzing module IBUF_HD1633
INFO: [VRFC 10-311] analyzing module IBUF_HD1634
INFO: [VRFC 10-311] analyzing module IBUF_HD1635
INFO: [VRFC 10-311] analyzing module IBUF_HD1636
INFO: [VRFC 10-311] analyzing module IBUF_HD1637
INFO: [VRFC 10-311] analyzing module IBUF_HD1638
INFO: [VRFC 10-311] analyzing module IBUF_HD1639
INFO: [VRFC 10-311] analyzing module IBUF_HD1640
INFO: [VRFC 10-311] analyzing module IBUF_HD1641
INFO: [VRFC 10-311] analyzing module IBUF_HD1642
INFO: [VRFC 10-311] analyzing module IBUF_HD1643
INFO: [VRFC 10-311] analyzing module IBUF_HD1644
INFO: [VRFC 10-311] analyzing module IBUF_HD1645
INFO: [VRFC 10-311] analyzing module IBUF_HD1646
INFO: [VRFC 10-311] analyzing module IBUF_HD1647
INFO: [VRFC 10-311] analyzing module IBUF_HD1648
INFO: [VRFC 10-311] analyzing module IBUF_HD1649
INFO: [VRFC 10-311] analyzing module IBUF_HD1650
INFO: [VRFC 10-311] analyzing module IBUF_HD1651
INFO: [VRFC 10-311] analyzing module IBUF_HD1652
INFO: [VRFC 10-311] analyzing module IBUF_HD1653
INFO: [VRFC 10-311] analyzing module IBUF_HD1654
INFO: [VRFC 10-311] analyzing module IBUF_HD1655
INFO: [VRFC 10-311] analyzing module IBUF_HD1656
INFO: [VRFC 10-311] analyzing module IBUF_HD1657
INFO: [VRFC 10-311] analyzing module IBUF_HD1658
INFO: [VRFC 10-311] analyzing module IBUF_HD1659
INFO: [VRFC 10-311] analyzing module IBUF_HD1660
INFO: [VRFC 10-311] analyzing module IBUF_HD1661
INFO: [VRFC 10-311] analyzing module IBUF_HD1662
INFO: [VRFC 10-311] analyzing module IBUF_HD1663
INFO: [VRFC 10-311] analyzing module IBUF_HD1664
INFO: [VRFC 10-311] analyzing module IBUF_HD1665
INFO: [VRFC 10-311] analyzing module IBUF_HD1666
INFO: [VRFC 10-311] analyzing module IBUF_HD1667
INFO: [VRFC 10-311] analyzing module IBUF_HD1668
INFO: [VRFC 10-311] analyzing module IBUF_HD1669
INFO: [VRFC 10-311] analyzing module IBUF_HD1670
INFO: [VRFC 10-311] analyzing module IBUF_HD1671
INFO: [VRFC 10-311] analyzing module IBUF_HD1672
INFO: [VRFC 10-311] analyzing module IBUF_HD1673
INFO: [VRFC 10-311] analyzing module IBUF_HD1674
INFO: [VRFC 10-311] analyzing module IBUF_HD1675
INFO: [VRFC 10-311] analyzing module IBUF_HD1676
INFO: [VRFC 10-311] analyzing module IBUF_HD1677
INFO: [VRFC 10-311] analyzing module IBUF_HD1678
INFO: [VRFC 10-311] analyzing module IBUF_HD1679
INFO: [VRFC 10-311] analyzing module IBUF_HD1680
INFO: [VRFC 10-311] analyzing module IBUF_HD1681
INFO: [VRFC 10-311] analyzing module IBUF_HD1682
INFO: [VRFC 10-311] analyzing module IBUF_HD1683
INFO: [VRFC 10-311] analyzing module IBUF_HD1684
INFO: [VRFC 10-311] analyzing module IBUF_HD1685
INFO: [VRFC 10-311] analyzing module IBUF_HD1686
INFO: [VRFC 10-311] analyzing module IBUF_HD1687
INFO: [VRFC 10-311] analyzing module IBUF_HD1688
INFO: [VRFC 10-311] analyzing module IBUF_HD1689
INFO: [VRFC 10-311] analyzing module IBUF_HD1690
INFO: [VRFC 10-311] analyzing module IBUF_HD1691
INFO: [VRFC 10-311] analyzing module IBUF_HD1692
INFO: [VRFC 10-311] analyzing module IBUF_HD1693
INFO: [VRFC 10-311] analyzing module IBUF_HD1694
INFO: [VRFC 10-311] analyzing module IBUF_HD1695
INFO: [VRFC 10-311] analyzing module IBUF_HD1696
INFO: [VRFC 10-311] analyzing module IBUF_HD1697
INFO: [VRFC 10-311] analyzing module IBUF_HD1698
INFO: [VRFC 10-311] analyzing module IBUF_HD1699
INFO: [VRFC 10-311] analyzing module IBUF_HD1700
INFO: [VRFC 10-311] analyzing module IBUF_HD1701
INFO: [VRFC 10-311] analyzing module IBUF_HD1702
INFO: [VRFC 10-311] analyzing module IBUF_HD1703
INFO: [VRFC 10-311] analyzing module IBUF_HD1704
INFO: [VRFC 10-311] analyzing module IBUF_HD1705
INFO: [VRFC 10-311] analyzing module IBUF_HD1706
INFO: [VRFC 10-311] analyzing module IBUF_HD1707
INFO: [VRFC 10-311] analyzing module IBUF_HD1708
INFO: [VRFC 10-311] analyzing module IBUF_HD1709
INFO: [VRFC 10-311] analyzing module IBUF_HD1710
INFO: [VRFC 10-311] analyzing module IBUF_HD1711
INFO: [VRFC 10-311] analyzing module IBUF_HD1712
INFO: [VRFC 10-311] analyzing module IBUF_HD1713
INFO: [VRFC 10-311] analyzing module IBUF_HD1714
INFO: [VRFC 10-311] analyzing module IBUF_HD1715
INFO: [VRFC 10-311] analyzing module IBUF_HD1716
INFO: [VRFC 10-311] analyzing module IBUF_HD1717
INFO: [VRFC 10-311] analyzing module IBUF_HD1718
INFO: [VRFC 10-311] analyzing module IBUF_HD1719
INFO: [VRFC 10-311] analyzing module IBUF_HD1720
INFO: [VRFC 10-311] analyzing module IBUF_HD1721
INFO: [VRFC 10-311] analyzing module IBUF_HD1722
INFO: [VRFC 10-311] analyzing module IBUF_HD1723
INFO: [VRFC 10-311] analyzing module IBUF_HD1724
INFO: [VRFC 10-311] analyzing module IBUF_HD1725
INFO: [VRFC 10-311] analyzing module IBUF_HD1726
INFO: [VRFC 10-311] analyzing module IBUF_HD1727
INFO: [VRFC 10-311] analyzing module IBUF_HD1728
INFO: [VRFC 10-311] analyzing module IBUF_HD1729
INFO: [VRFC 10-311] analyzing module IBUF_HD1730
INFO: [VRFC 10-311] analyzing module IBUF_HD1731
INFO: [VRFC 10-311] analyzing module IBUF_HD1732
INFO: [VRFC 10-311] analyzing module IBUF_HD1733
INFO: [VRFC 10-311] analyzing module IBUF_HD1734
INFO: [VRFC 10-311] analyzing module IBUF_HD1735
INFO: [VRFC 10-311] analyzing module IBUF_HD1736
INFO: [VRFC 10-311] analyzing module IBUF_HD1737
INFO: [VRFC 10-311] analyzing module IBUF_HD1738
INFO: [VRFC 10-311] analyzing module IBUF_HD1739
INFO: [VRFC 10-311] analyzing module IBUF_HD1740
INFO: [VRFC 10-311] analyzing module IBUF_HD1741
INFO: [VRFC 10-311] analyzing module IBUF_HD1742
INFO: [VRFC 10-311] analyzing module IBUF_HD1743
INFO: [VRFC 10-311] analyzing module IBUF_HD1744
INFO: [VRFC 10-311] analyzing module IBUF_HD1745
INFO: [VRFC 10-311] analyzing module IBUF_HD1746
INFO: [VRFC 10-311] analyzing module IBUF_HD1747
INFO: [VRFC 10-311] analyzing module IBUF_HD1748
INFO: [VRFC 10-311] analyzing module IBUF_HD1749
INFO: [VRFC 10-311] analyzing module IBUF_HD1750
INFO: [VRFC 10-311] analyzing module IBUF_HD1751
INFO: [VRFC 10-311] analyzing module IBUF_HD1752
INFO: [VRFC 10-311] analyzing module IBUF_HD1753
INFO: [VRFC 10-311] analyzing module IBUF_HD1754
INFO: [VRFC 10-311] analyzing module IBUF_HD1755
INFO: [VRFC 10-311] analyzing module IBUF_HD1756
INFO: [VRFC 10-311] analyzing module IBUF_HD1757
INFO: [VRFC 10-311] analyzing module IBUF_HD1758
INFO: [VRFC 10-311] analyzing module IBUF_HD1759
INFO: [VRFC 10-311] analyzing module IBUF_HD1760
INFO: [VRFC 10-311] analyzing module IBUF_HD1761
INFO: [VRFC 10-311] analyzing module IBUF_HD1762
INFO: [VRFC 10-311] analyzing module IBUF_HD1763
INFO: [VRFC 10-311] analyzing module IBUF_HD1764
INFO: [VRFC 10-311] analyzing module IBUF_HD1765
INFO: [VRFC 10-311] analyzing module IBUF_HD1766
INFO: [VRFC 10-311] analyzing module IBUF_HD1767
INFO: [VRFC 10-311] analyzing module IBUF_HD1768
INFO: [VRFC 10-311] analyzing module IBUF_HD1769
INFO: [VRFC 10-311] analyzing module IBUF_HD1770
INFO: [VRFC 10-311] analyzing module IBUF_HD1771
INFO: [VRFC 10-311] analyzing module IBUF_HD1772
INFO: [VRFC 10-311] analyzing module IBUF_HD1773
INFO: [VRFC 10-311] analyzing module IBUF_HD1774
INFO: [VRFC 10-311] analyzing module IBUF_HD1775
INFO: [VRFC 10-311] analyzing module IBUF_HD1776
INFO: [VRFC 10-311] analyzing module IBUF_HD1777
INFO: [VRFC 10-311] analyzing module IBUF_HD1778
INFO: [VRFC 10-311] analyzing module IBUF_HD1779
INFO: [VRFC 10-311] analyzing module IBUF_HD1780
INFO: [VRFC 10-311] analyzing module IBUF_HD1781
INFO: [VRFC 10-311] analyzing module IBUF_HD1782
INFO: [VRFC 10-311] analyzing module IBUF_HD1783
INFO: [VRFC 10-311] analyzing module IBUF_HD1784
INFO: [VRFC 10-311] analyzing module IBUF_HD1785
INFO: [VRFC 10-311] analyzing module IBUF_HD1786
INFO: [VRFC 10-311] analyzing module IBUF_HD1787
INFO: [VRFC 10-311] analyzing module IBUF_HD1788
INFO: [VRFC 10-311] analyzing module IBUF_HD1789
INFO: [VRFC 10-311] analyzing module IBUF_HD1790
INFO: [VRFC 10-311] analyzing module IBUF_HD1791
INFO: [VRFC 10-311] analyzing module IBUF_HD1792
INFO: [VRFC 10-311] analyzing module IBUF_HD1793
INFO: [VRFC 10-311] analyzing module IBUF_HD1794
INFO: [VRFC 10-311] analyzing module IBUF_HD1795
INFO: [VRFC 10-311] analyzing module IBUF_HD1796
INFO: [VRFC 10-311] analyzing module IBUF_HD1797
INFO: [VRFC 10-311] analyzing module IBUF_HD1798
INFO: [VRFC 10-311] analyzing module IBUF_HD1799
INFO: [VRFC 10-311] analyzing module IBUF_HD1800
INFO: [VRFC 10-311] analyzing module IBUF_HD1801
INFO: [VRFC 10-311] analyzing module IBUF_HD1802
INFO: [VRFC 10-311] analyzing module IBUF_HD1803
INFO: [VRFC 10-311] analyzing module IBUF_HD1804
INFO: [VRFC 10-311] analyzing module IBUF_HD1805
INFO: [VRFC 10-311] analyzing module IBUF_HD1806
INFO: [VRFC 10-311] analyzing module IBUF_HD1807
INFO: [VRFC 10-311] analyzing module IBUF_HD1808
INFO: [VRFC 10-311] analyzing module LUT_Y
INFO: [VRFC 10-311] analyzing module MADD
INFO: [VRFC 10-311] analyzing module MADD__1
INFO: [VRFC 10-311] analyzing module MADD__2
INFO: [VRFC 10-311] analyzing module MADD__3
INFO: [VRFC 10-311] analyzing module MADD__4
INFO: [VRFC 10-311] analyzing module MADD__5
INFO: [VRFC 10-311] analyzing module glbl
