Vivado Simulator 2017.4
Copyright 1986-1999, 2001-2016 Xilinx, Inc. All Rights Reserved.
Running: D:/Xilinx/Vivado/2017.4/bin/unwrapped/win64.o/xelab.exe -wto 0f324ac272d94e9aae105dfe020c7b98 --incr --debug typical --relax --mt 2 --maxdelay -L xil_defaultlib -L simprims_ver -L secureip --snapshot LUTY_tb_time_impl -transport_int_delays -pulse_r 0 -pulse_int_r 0 -pulse_e 0 -pulse_int_e 0 xil_defaultlib.LUTY_tb xil_defaultlib.glbl -log elaborate.log 
Using 2 slave threads.
Starting static elaboration
Completed static elaboration
Starting simulation data flow analysis
Completed simulation data flow analysis
INFO: [XSIM 43-3451] SDF backannotation process started with SDF file "LUTY_tb_time_impl.sdf", for root module "LUTY_tb/ut".
INFO: [XSIM 43-3452] SDF backannotation was successful for SDF file "LUTY_tb_time_impl.sdf", for root module "LUTY_tb/ut".
Time Resolution for simulation is 1ps
Compiling package std.standard
Compiling package std.textio
Compiling package ieee.std_logic_1164
Compiling package ieee.std_logic_arith
Compiling package ieee.std_logic_unsigned
Compiling package vl.vl_types
Compiling module xil_defaultlib.glbl
Compiling module simprims_ver.IBUFCTRL_default
Compiling module simprims_ver.INBUF_default
Compiling module xil_defaultlib.IBUF_UNIQ_BASE_
Compiling module xil_defaultlib.IBUF_HD1552
Compiling module xil_defaultlib.IBUF_HD1553
Compiling module simprims_ver.OBUF
Compiling module simprims_ver.MUXF7
Compiling module simprims_ver.LUT5
Compiling module simprims_ver.LUT6
Compiling module xil_defaultlib.IBUF_HD1554
Compiling module xil_defaultlib.IBUF_HD1555
Compiling module xil_defaultlib.IBUF_HD1556
Compiling module xil_defaultlib.IBUF_HD1557
Compiling module xil_defaultlib.IBUF_HD1558
Compiling module xil_defaultlib.IBUF_HD1559
Compiling module xil_defaultlib.IBUF_HD1560
Compiling module xil_defaultlib.IBUF_HD1561
Compiling module xil_defaultlib.IBUF_HD1562
Compiling module xil_defaultlib.IBUF_HD1563
Compiling module xil_defaultlib.IBUF_HD1564
Compiling module xil_defaultlib.IBUF_HD1565
Compiling module xil_defaultlib.IBUF_HD1566
Compiling module xil_defaultlib.IBUF_HD1567
Compiling module xil_defaultlib.IBUF_HD1568
Compiling module xil_defaultlib.IBUF_HD1569
Compiling module xil_defaultlib.IBUF_HD1570
Compiling module xil_defaultlib.IBUF_HD1571
Compiling module xil_defaultlib.IBUF_HD1572
Compiling module xil_defaultlib.IBUF_HD1573
Compiling module xil_defaultlib.IBUF_HD1574
Compiling module xil_defaultlib.IBUF_HD1575
Compiling module xil_defaultlib.IBUF_HD1576
Compiling module xil_defaultlib.IBUF_HD1577
Compiling module xil_defaultlib.IBUF_HD1578
Compiling module xil_defaultlib.IBUF_HD1579
Compiling module xil_defaultlib.IBUF_HD1580
Compiling module xil_defaultlib.IBUF_HD1581
Compiling module xil_defaultlib.IBUF_HD1582
Compiling module xil_defaultlib.IBUF_HD1583
Compiling module xil_defaultlib.IBUF_HD1584
Compiling module xil_defaultlib.IBUF_HD1585
Compiling module xil_defaultlib.IBUF_HD1586
Compiling module xil_defaultlib.IBUF_HD1587
Compiling module xil_defaultlib.IBUF_HD1588
Compiling module xil_defaultlib.IBUF_HD1589
Compiling module xil_defaultlib.IBUF_HD1590
Compiling module xil_defaultlib.IBUF_HD1591
Compiling module xil_defaultlib.IBUF_HD1592
Compiling module xil_defaultlib.IBUF_HD1593
Compiling module xil_defaultlib.IBUF_HD1594
Compiling module xil_defaultlib.IBUF_HD1595
Compiling module xil_defaultlib.IBUF_HD1596
Compiling module xil_defaultlib.IBUF_HD1597
Compiling module xil_defaultlib.IBUF_HD1598
Compiling module xil_defaultlib.IBUF_HD1599
Compiling module xil_defaultlib.IBUF_HD1600
Compiling module xil_defaultlib.IBUF_HD1601
Compiling module xil_defaultlib.IBUF_HD1602
Compiling module xil_defaultlib.IBUF_HD1603
Compiling module xil_defaultlib.IBUF_HD1604
Compiling module xil_defaultlib.IBUF_HD1605
Compiling module xil_defaultlib.IBUF_HD1606
Compiling module xil_defaultlib.IBUF_HD1607
Compiling module xil_defaultlib.IBUF_HD1608
Compiling module xil_defaultlib.IBUF_HD1609
Compiling module xil_defaultlib.IBUF_HD1610
Compiling module xil_defaultlib.IBUF_HD1611
Compiling module xil_defaultlib.IBUF_HD1612
Compiling module xil_defaultlib.IBUF_HD1613
Compiling module xil_defaultlib.IBUF_HD1614
Compiling module xil_defaultlib.IBUF_HD1615
Compiling module xil_defaultlib.IBUF_HD1616
Compiling module xil_defaultlib.IBUF_HD1617
Compiling module xil_defaultlib.IBUF_HD1618
Compiling module xil_defaultlib.IBUF_HD1619
Compiling module xil_defaultlib.IBUF_HD1620
Compiling module xil_defaultlib.IBUF_HD1621
Compiling module xil_defaultlib.IBUF_HD1622
Compiling module xil_defaultlib.IBUF_HD1623
Compiling module xil_defaultlib.IBUF_HD1624
Compiling module xil_defaultlib.IBUF_HD1625
Compiling module xil_defaultlib.IBUF_HD1626
Compiling module xil_defaultlib.IBUF_HD1627
Compiling module xil_defaultlib.IBUF_HD1628
Compiling module xil_defaultlib.IBUF_HD1629
Compiling module xil_defaultlib.IBUF_HD1630
Compiling module xil_defaultlib.IBUF_HD1631
Compiling module xil_defaultlib.IBUF_HD1632
Compiling module xil_defaultlib.IBUF_HD1633
Compiling module xil_defaultlib.IBUF_HD1634
Compiling module xil_defaultlib.IBUF_HD1635
Compiling module xil_defaultlib.IBUF_HD1636
Compiling module xil_defaultlib.IBUF_HD1637
Compiling module xil_defaultlib.IBUF_HD1638
Compiling module xil_defaultlib.IBUF_HD1639
Compiling module xil_defaultlib.IBUF_HD1640
Compiling module xil_defaultlib.IBUF_HD1641
Compiling module xil_defaultlib.IBUF_HD1642
Compiling module xil_defaultlib.IBUF_HD1643
Compiling module xil_defaultlib.IBUF_HD1644
Compiling module xil_defaultlib.IBUF_HD1645
Compiling module xil_defaultlib.IBUF_HD1646
Compiling module xil_defaultlib.IBUF_HD1647
Compiling module xil_defaultlib.IBUF_HD1648
Compiling module xil_defaultlib.IBUF_HD1649
Compiling module xil_defaultlib.IBUF_HD1650
Compiling module xil_defaultlib.IBUF_HD1651
Compiling module xil_defaultlib.IBUF_HD1652
Compiling module xil_defaultlib.IBUF_HD1653
Compiling module xil_defaultlib.IBUF_HD1654
Compiling module xil_defaultlib.IBUF_HD1655
Compiling module xil_defaultlib.IBUF_HD1656
Compiling module xil_defaultlib.IBUF_HD1657
Compiling module xil_defaultlib.IBUF_HD1658
Compiling module xil_defaultlib.IBUF_HD1659
Compiling module xil_defaultlib.IBUF_HD1660
Compiling module xil_defaultlib.IBUF_HD1661
Compiling module xil_defaultlib.IBUF_HD1662
Compiling module xil_defaultlib.IBUF_HD1663
Compiling module xil_defaultlib.IBUF_HD1664
Compiling module xil_defaultlib.IBUF_HD1665
Compiling module xil_defaultlib.IBUF_HD1666
Compiling module xil_defaultlib.IBUF_HD1667
Compiling module xil_defaultlib.IBUF_HD1668
Compiling module xil_defaultlib.IBUF_HD1669
Compiling module xil_defaultlib.IBUF_HD1670
Compiling module xil_defaultlib.IBUF_HD1671
Compiling module xil_defaultlib.IBUF_HD1672
Compiling module xil_defaultlib.IBUF_HD1673
Compiling module xil_defaultlib.IBUF_HD1674
Compiling module xil_defaultlib.IBUF_HD1675
Compiling module xil_defaultlib.IBUF_HD1676
Compiling module xil_defaultlib.IBUF_HD1677
Compiling module xil_defaultlib.IBUF_HD1678
Compiling module xil_defaultlib.IBUF_HD1679
Compiling module xil_defaultlib.IBUF_HD1680
Compiling module xil_defaultlib.IBUF_HD1681
Compiling module xil_defaultlib.IBUF_HD1682
Compiling module xil_defaultlib.IBUF_HD1683
Compiling module xil_defaultlib.IBUF_HD1684
Compiling module xil_defaultlib.IBUF_HD1685
Compiling module xil_defaultlib.IBUF_HD1686
Compiling module xil_defaultlib.IBUF_HD1687
Compiling module xil_defaultlib.IBUF_HD1688
Compiling module xil_defaultlib.IBUF_HD1689
Compiling module xil_defaultlib.IBUF_HD1690
Compiling module xil_defaultlib.IBUF_HD1691
Compiling module xil_defaultlib.IBUF_HD1692
Compiling module xil_defaultlib.IBUF_HD1693
Compiling module xil_defaultlib.IBUF_HD1694
Compiling module xil_defaultlib.IBUF_HD1695
Compiling module xil_defaultlib.IBUF_HD1696
Compiling module xil_defaultlib.IBUF_HD1697
Compiling module xil_defaultlib.IBUF_HD1698
Compiling module xil_defaultlib.IBUF_HD1699
Compiling module xil_defaultlib.IBUF_HD1700
Compiling module xil_defaultlib.IBUF_HD1701
Compiling module xil_defaultlib.IBUF_HD1702
Compiling module xil_defaultlib.IBUF_HD1703
Compiling module xil_defaultlib.IBUF_HD1704
Compiling module xil_defaultlib.IBUF_HD1705
Compiling module xil_defaultlib.IBUF_HD1706
Compiling module xil_defaultlib.IBUF_HD1707
Compiling module xil_defaultlib.IBUF_HD1708
Compiling module xil_defaultlib.IBUF_HD1709
Compiling module xil_defaultlib.IBUF_HD1710
Compiling module xil_defaultlib.IBUF_HD1711
Compiling module xil_defaultlib.IBUF_HD1712
Compiling module xil_defaultlib.IBUF_HD1713
Compiling module xil_defaultlib.IBUF_HD1714
Compiling module xil_defaultlib.IBUF_HD1715
Compiling module xil_defaultlib.IBUF_HD1716
Compiling module xil_defaultlib.IBUF_HD1717
Compiling module xil_defaultlib.IBUF_HD1718
Compiling module xil_defaultlib.IBUF_HD1719
Compiling module xil_defaultlib.IBUF_HD1720
Compiling module xil_defaultlib.IBUF_HD1721
Compiling module xil_defaultlib.IBUF_HD1722
Compiling module xil_defaultlib.IBUF_HD1723
Compiling module xil_defaultlib.IBUF_HD1724
Compiling module xil_defaultlib.IBUF_HD1725
Compiling module xil_defaultlib.IBUF_HD1726
Compiling module xil_defaultlib.IBUF_HD1727
Compiling module xil_defaultlib.IBUF_HD1728
Compiling module xil_defaultlib.IBUF_HD1729
Compiling module xil_defaultlib.IBUF_HD1730
Compiling module xil_defaultlib.IBUF_HD1731
Compiling module xil_defaultlib.IBUF_HD1732
Compiling module xil_defaultlib.IBUF_HD1733
Compiling module xil_defaultlib.IBUF_HD1734
Compiling module xil_defaultlib.IBUF_HD1735
Compiling module xil_defaultlib.IBUF_HD1736
Compiling module xil_defaultlib.IBUF_HD1737
Compiling module xil_defaultlib.IBUF_HD1738
Compiling module xil_defaultlib.IBUF_HD1739
Compiling module xil_defaultlib.IBUF_HD1740
Compiling module xil_defaultlib.IBUF_HD1741
Compiling module xil_defaultlib.IBUF_HD1742
Compiling module xil_defaultlib.IBUF_HD1743
Compiling module xil_defaultlib.IBUF_HD1744
Compiling module xil_defaultlib.IBUF_HD1745
Compiling module xil_defaultlib.IBUF_HD1746
Compiling module xil_defaultlib.IBUF_HD1747
Compiling module xil_defaultlib.IBUF_HD1748
Compiling module xil_defaultlib.IBUF_HD1749
Compiling module xil_defaultlib.IBUF_HD1750
Compiling module xil_defaultlib.IBUF_HD1751
Compiling module xil_defaultlib.IBUF_HD1752
Compiling module xil_defaultlib.IBUF_HD1753
Compiling module xil_defaultlib.IBUF_HD1754
Compiling module xil_defaultlib.IBUF_HD1755
Compiling module xil_defaultlib.IBUF_HD1756
Compiling module xil_defaultlib.IBUF_HD1757
Compiling module xil_defaultlib.IBUF_HD1758
Compiling module xil_defaultlib.IBUF_HD1759
Compiling module xil_defaultlib.IBUF_HD1760
Compiling module xil_defaultlib.IBUF_HD1761
Compiling module xil_defaultlib.IBUF_HD1762
Compiling module xil_defaultlib.IBUF_HD1763
Compiling module xil_defaultlib.IBUF_HD1764
Compiling module xil_defaultlib.IBUF_HD1765
Compiling module xil_defaultlib.IBUF_HD1766
Compiling module xil_defaultlib.IBUF_HD1767
Compiling module xil_defaultlib.IBUF_HD1768
Compiling module xil_defaultlib.IBUF_HD1769
Compiling module xil_defaultlib.IBUF_HD1770
Compiling module xil_defaultlib.IBUF_HD1771
Compiling module xil_defaultlib.IBUF_HD1772
Compiling module xil_defaultlib.IBUF_HD1773
Compiling module xil_defaultlib.IBUF_HD1774
Compiling module xil_defaultlib.IBUF_HD1775
Compiling module xil_defaultlib.IBUF_HD1776
Compiling module xil_defaultlib.IBUF_HD1777
Compiling module xil_defaultlib.IBUF_HD1778
Compiling module xil_defaultlib.IBUF_HD1779
Compiling module xil_defaultlib.IBUF_HD1780
Compiling module xil_defaultlib.IBUF_HD1781
Compiling module xil_defaultlib.IBUF_HD1782
Compiling module xil_defaultlib.IBUF_HD1783
Compiling module xil_defaultlib.IBUF_HD1784
Compiling module xil_defaultlib.IBUF_HD1785
Compiling module xil_defaultlib.IBUF_HD1786
Compiling module xil_defaultlib.IBUF_HD1787
Compiling module xil_defaultlib.IBUF_HD1788
Compiling module xil_defaultlib.IBUF_HD1789
Compiling module xil_defaultlib.IBUF_HD1790
Compiling module xil_defaultlib.IBUF_HD1791
Compiling module xil_defaultlib.IBUF_HD1792
Compiling module xil_defaultlib.IBUF_HD1793
Compiling module xil_defaultlib.IBUF_HD1794
Compiling module xil_defaultlib.IBUF_HD1795
Compiling module xil_defaultlib.IBUF_HD1796
Compiling module xil_defaultlib.IBUF_HD1797
Compiling module xil_defaultlib.IBUF_HD1798
Compiling module xil_defaultlib.IBUF_HD1799
Compiling module xil_defaultlib.IBUF_HD1800
Compiling module xil_defaultlib.IBUF_HD1801
Compiling module xil_defaultlib.IBUF_HD1802
Compiling module xil_defaultlib.IBUF_HD1803
Compiling module xil_defaultlib.IBUF_HD1804
Compiling module xil_defaultlib.IBUF_HD1805
Compiling module xil_defaultlib.IBUF_HD1806
Compiling module xil_defaultlib.IBUF_HD1807
Compiling module xil_defaultlib.IBUF_HD1808
Compiling module simprims_ver.CARRY8
Compiling module simprims_ver.x_lut3_mux8
Compiling module simprims_ver.LUT3
Compiling module simprims_ver.x_lut2_mux4
Compiling module simprims_ver.LUT2
Compiling module simprims_ver.x_lut1_mux2
Compiling module simprims_ver.LUT1
Compiling module xil_defaultlib.MADD__1
Compiling module simprims_ver.LUT4
Compiling module xil_defaultlib.MADD__3
Compiling module xil_defaultlib.MADD__2
Compiling module xil_defaultlib.MADD__5
Compiling module xil_defaultlib.MADD__4
Compiling module xil_defaultlib.MADD
Compiling module xil_defaultlib.LUT_Y
Compiling architecture behavioral of entity xil_defaultlib.luty_tb
Built simulation snapshot LUTY_tb_time_impl
