
*** Running vivado
    with args -log INTLVD_RED.vds -m64 -product Vivado -mode batch -messageDb vivado.pb -notrace -source INTLVD_RED.tcl


****** Vivado v2017.4 (64-bit)
  **** SW Build 2086221 on Fri Dec 15 20:55:39 MST 2017
  **** IP Build 2085800 on Fri Dec 15 22:25:07 MST 2017
    ** Copyright 1986-2017 Xilinx, Inc. All Rights Reserved.

source INTLVD_RED.tcl -notrace
Command: synth_design -top INTLVD_RED -part xc7z045ffg900-3 -directive AreaOptimized_high -retiming -control_set_opt_threshold 1
Starting synth_design
Attempting to get a license for feature 'Synthesis' and/or device 'xc7z045'
INFO: [Common 17-349] Got license for feature 'Synthesis' and/or device 'xc7z045'
INFO: Launching helper process for spawning children vivado processes
INFO: Helper process launched with PID 4660 
---------------------------------------------------------------------------------
Starting RTL Elaboration : Time (s): cpu = 00:00:05 ; elapsed = 00:00:05 . Memory (MB): peak = 401.227 ; gain = 101.453
---------------------------------------------------------------------------------
INFO: [Synth 8-638] synthesizing module 'INTLVD_RED' [D:/XILINX_PROJECTS/TIMING-MADD-REV02/TIMING-MADD-REV02.srcs/sources_1/new/INTMM.vhd:36]
	Parameter w bound to: 258 - type: integer 
INFO: [Synth 8-3491] module 'CSA1' declared at 'D:/XILINX_PROJECTS/TIMING-MADD-REV02/TIMING-MADD-REV02.srcs/sources_1/new/INTMM.vhd:168' bound to instance 'U1' of component 'CSA1' [D:/XILINX_PROJECTS/TIMING-MADD-REV02/TIMING-MADD-REV02.srcs/sources_1/new/INTMM.vhd:111]
INFO: [Synth 8-638] synthesizing module 'CSA1' [D:/XILINX_PROJECTS/TIMING-MADD-REV02/TIMING-MADD-REV02.srcs/sources_1/new/INTMM.vhd:178]
	Parameter w bound to: 258 - type: integer 
INFO: [Synth 8-256] done synthesizing module 'CSA1' (1#1) [D:/XILINX_PROJECTS/TIMING-MADD-REV02/TIMING-MADD-REV02.srcs/sources_1/new/INTMM.vhd:178]
	Parameter w bound to: 259 - type: integer 
INFO: [Synth 8-3491] module 'CSA2' declared at 'D:/XILINX_PROJECTS/TIMING-MADD-REV02/TIMING-MADD-REV02.srcs/sources_1/new/INTMM.vhd:195' bound to instance 'U2' of component 'CSA2' [D:/XILINX_PROJECTS/TIMING-MADD-REV02/TIMING-MADD-REV02.srcs/sources_1/new/INTMM.vhd:112]
INFO: [Synth 8-638] synthesizing module 'CSA2' [D:/XILINX_PROJECTS/TIMING-MADD-REV02/TIMING-MADD-REV02.srcs/sources_1/new/INTMM.vhd:205]
	Parameter w bound to: 259 - type: integer 
INFO: [Synth 8-256] done synthesizing module 'CSA2' (2#1) [D:/XILINX_PROJECTS/TIMING-MADD-REV02/TIMING-MADD-REV02.srcs/sources_1/new/INTMM.vhd:205]
	Parameter w bound to: 260 - type: integer 
INFO: [Synth 8-3491] module 'REGCSA' declared at 'D:/XILINX_PROJECTS/TIMING-MADD-REV02/TIMING-MADD-REV02.srcs/sources_1/new/INTMM.vhd:227' bound to instance 'U3' of component 'REGCSA' [D:/XILINX_PROJECTS/TIMING-MADD-REV02/TIMING-MADD-REV02.srcs/sources_1/new/INTMM.vhd:113]
INFO: [Synth 8-638] synthesizing module 'REGCSA' [D:/XILINX_PROJECTS/TIMING-MADD-REV02/TIMING-MADD-REV02.srcs/sources_1/new/INTMM.vhd:237]
	Parameter w bound to: 260 - type: integer 
INFO: [Synth 8-256] done synthesizing module 'REGCSA' (3#1) [D:/XILINX_PROJECTS/TIMING-MADD-REV02/TIMING-MADD-REV02.srcs/sources_1/new/INTMM.vhd:237]
	Parameter w bound to: 260 - type: integer 
INFO: [Synth 8-3491] module 'REGCSA' declared at 'D:/XILINX_PROJECTS/TIMING-MADD-REV02/TIMING-MADD-REV02.srcs/sources_1/new/INTMM.vhd:227' bound to instance 'U4' of component 'REGCSA' [D:/XILINX_PROJECTS/TIMING-MADD-REV02/TIMING-MADD-REV02.srcs/sources_1/new/INTMM.vhd:114]
INFO: [Synth 8-3491] module 'SELUNIT' declared at 'D:/XILINX_PROJECTS/TIMING-MADD-REV02/TIMING-MADD-REV02.srcs/sources_1/new/INTMM.vhd:254' bound to instance 'U5' of component 'SELUNIT' [D:/XILINX_PROJECTS/TIMING-MADD-REV02/TIMING-MADD-REV02.srcs/sources_1/new/INTMM.vhd:115]
INFO: [Synth 8-638] synthesizing module 'SELUNIT' [D:/XILINX_PROJECTS/TIMING-MADD-REV02/TIMING-MADD-REV02.srcs/sources_1/new/INTMM.vhd:261]
INFO: [Synth 8-256] done synthesizing module 'SELUNIT' (4#1) [D:/XILINX_PROJECTS/TIMING-MADD-REV02/TIMING-MADD-REV02.srcs/sources_1/new/INTMM.vhd:261]
INFO: [Synth 8-3491] module 'LUT_P' declared at 'D:/XILINX_PROJECTS/TIMING-MADD-REV02/TIMING-MADD-REV02.srcs/sources_1/new/LUT_P.vhd:26' bound to instance 'U6' of component 'LUT_P' [D:/XILINX_PROJECTS/TIMING-MADD-REV02/TIMING-MADD-REV02.srcs/sources_1/new/INTMM.vhd:116]
INFO: [Synth 8-638] synthesizing module 'LUT_P' [D:/XILINX_PROJECTS/TIMING-MADD-REV02/TIMING-MADD-REV02.srcs/sources_1/new/LUT_P.vhd:32]
INFO: [Synth 8-256] done synthesizing module 'LUT_P' (5#1) [D:/XILINX_PROJECTS/TIMING-MADD-REV02/TIMING-MADD-REV02.srcs/sources_1/new/LUT_P.vhd:32]
INFO: [Synth 8-3491] module 'LUT_Y' declared at 'D:/XILINX_PROJECTS/TIMING-MADD-REV02/TIMING-MADD-REV02.srcs/sources_1/imports/new/LUTY.vhd:28' bound to instance 'U7' of component 'LUT_Y' [D:/XILINX_PROJECTS/TIMING-MADD-REV02/TIMING-MADD-REV02.srcs/sources_1/new/INTMM.vhd:117]
INFO: [Synth 8-638] synthesizing module 'LUT_Y' [D:/XILINX_PROJECTS/TIMING-MADD-REV02/TIMING-MADD-REV02.srcs/sources_1/imports/new/LUTY.vhd:37]
	Parameter w bound to: 255 - type: integer 
INFO: [Synth 8-3491] module 'MADD' declared at 'D:/XILINX_PROJECTS/TIMING-MADD-REV02/TIMING-MADD-REV02.srcs/sources_1/new/MADD.vhd:7' bound to instance 'u2' of component 'MADD' [D:/XILINX_PROJECTS/TIMING-MADD-REV02/TIMING-MADD-REV02.srcs/sources_1/imports/new/LUTY.vhd:59]
INFO: [Synth 8-638] synthesizing module 'MADD' [D:/XILINX_PROJECTS/TIMING-MADD-REV02/TIMING-MADD-REV02.srcs/sources_1/new/MADD.vhd:15]
	Parameter w bound to: 255 - type: integer 
INFO: [Synth 8-256] done synthesizing module 'MADD' (6#1) [D:/XILINX_PROJECTS/TIMING-MADD-REV02/TIMING-MADD-REV02.srcs/sources_1/new/MADD.vhd:15]
	Parameter w bound to: 255 - type: integer 
INFO: [Synth 8-3491] module 'MADD' declared at 'D:/XILINX_PROJECTS/TIMING-MADD-REV02/TIMING-MADD-REV02.srcs/sources_1/new/MADD.vhd:7' bound to instance 'u3' of component 'MADD' [D:/XILINX_PROJECTS/TIMING-MADD-REV02/TIMING-MADD-REV02.srcs/sources_1/imports/new/LUTY.vhd:60]
	Parameter w bound to: 255 - type: integer 
INFO: [Synth 8-3491] module 'MADD' declared at 'D:/XILINX_PROJECTS/TIMING-MADD-REV02/TIMING-MADD-REV02.srcs/sources_1/new/MADD.vhd:7' bound to instance 'u4' of component 'MADD' [D:/XILINX_PROJECTS/TIMING-MADD-REV02/TIMING-MADD-REV02.srcs/sources_1/imports/new/LUTY.vhd:61]
	Parameter w bound to: 255 - type: integer 
INFO: [Synth 8-3491] module 'MADD' declared at 'D:/XILINX_PROJECTS/TIMING-MADD-REV02/TIMING-MADD-REV02.srcs/sources_1/new/MADD.vhd:7' bound to instance 'u5' of component 'MADD' [D:/XILINX_PROJECTS/TIMING-MADD-REV02/TIMING-MADD-REV02.srcs/sources_1/imports/new/LUTY.vhd:62]
	Parameter w bound to: 255 - type: integer 
INFO: [Synth 8-3491] module 'MADD' declared at 'D:/XILINX_PROJECTS/TIMING-MADD-REV02/TIMING-MADD-REV02.srcs/sources_1/new/MADD.vhd:7' bound to instance 'u6' of component 'MADD' [D:/XILINX_PROJECTS/TIMING-MADD-REV02/TIMING-MADD-REV02.srcs/sources_1/imports/new/LUTY.vhd:63]
	Parameter w bound to: 255 - type: integer 
INFO: [Synth 8-3491] module 'MADD' declared at 'D:/XILINX_PROJECTS/TIMING-MADD-REV02/TIMING-MADD-REV02.srcs/sources_1/new/MADD.vhd:7' bound to instance 'u7' of component 'MADD' [D:/XILINX_PROJECTS/TIMING-MADD-REV02/TIMING-MADD-REV02.srcs/sources_1/imports/new/LUTY.vhd:64]
WARNING: [Synth 8-614] signal 'Y' is read in the process but is not in the sensitivity list [D:/XILINX_PROJECTS/TIMING-MADD-REV02/TIMING-MADD-REV02.srcs/sources_1/imports/new/LUTY.vhd:73]
WARNING: [Synth 8-614] signal 'LUT2' is read in the process but is not in the sensitivity list [D:/XILINX_PROJECTS/TIMING-MADD-REV02/TIMING-MADD-REV02.srcs/sources_1/imports/new/LUTY.vhd:73]
WARNING: [Synth 8-614] signal 'LUT3' is read in the process but is not in the sensitivity list [D:/XILINX_PROJECTS/TIMING-MADD-REV02/TIMING-MADD-REV02.srcs/sources_1/imports/new/LUTY.vhd:73]
WARNING: [Synth 8-614] signal 'LUT4' is read in the process but is not in the sensitivity list [D:/XILINX_PROJECTS/TIMING-MADD-REV02/TIMING-MADD-REV02.srcs/sources_1/imports/new/LUTY.vhd:73]
WARNING: [Synth 8-614] signal 'LUT5' is read in the process but is not in the sensitivity list [D:/XILINX_PROJECTS/TIMING-MADD-REV02/TIMING-MADD-REV02.srcs/sources_1/imports/new/LUTY.vhd:73]
WARNING: [Synth 8-614] signal 'LUT6' is read in the process but is not in the sensitivity list [D:/XILINX_PROJECTS/TIMING-MADD-REV02/TIMING-MADD-REV02.srcs/sources_1/imports/new/LUTY.vhd:73]
WARNING: [Synth 8-614] signal 'LUT7' is read in the process but is not in the sensitivity list [D:/XILINX_PROJECTS/TIMING-MADD-REV02/TIMING-MADD-REV02.srcs/sources_1/imports/new/LUTY.vhd:73]
INFO: [Synth 8-256] done synthesizing module 'LUT_Y' (7#1) [D:/XILINX_PROJECTS/TIMING-MADD-REV02/TIMING-MADD-REV02.srcs/sources_1/imports/new/LUTY.vhd:37]
INFO: [Synth 8-3491] module 'REDUCER' declared at 'D:/XILINX_PROJECTS/TIMING-MADD-REV02/TIMING-MADD-REV02.srcs/sources_1/new/REDUCER.vhd:29' bound to instance 'U8' of component 'REDUCER' [D:/XILINX_PROJECTS/TIMING-MADD-REV02/TIMING-MADD-REV02.srcs/sources_1/new/INTMM.vhd:118]
INFO: [Synth 8-638] synthesizing module 'REDUCER' [D:/XILINX_PROJECTS/TIMING-MADD-REV02/TIMING-MADD-REV02.srcs/sources_1/new/REDUCER.vhd:36]
WARNING: [Synth 8-3936] Found unconnected internal register 'SX_reg' and it is trimmed from '260' to '255' bits. [D:/XILINX_PROJECTS/TIMING-MADD-REV02/TIMING-MADD-REV02.srcs/sources_1/new/REDUCER.vhd:60]
INFO: [Synth 8-256] done synthesizing module 'REDUCER' (8#1) [D:/XILINX_PROJECTS/TIMING-MADD-REV02/TIMING-MADD-REV02.srcs/sources_1/new/REDUCER.vhd:36]
INFO: [Synth 8-256] done synthesizing module 'INTLVD_RED' (9#1) [D:/XILINX_PROJECTS/TIMING-MADD-REV02/TIMING-MADD-REV02.srcs/sources_1/new/INTMM.vhd:36]
WARNING: [Synth 8-3331] design LUT_Y has unconnected port RST
---------------------------------------------------------------------------------
Finished RTL Elaboration : Time (s): cpu = 00:00:06 ; elapsed = 00:00:06 . Memory (MB): peak = 453.316 ; gain = 153.543
---------------------------------------------------------------------------------

Report Check Netlist: 
+------+------------------+-------+---------+-------+------------------+
|      |Item              |Errors |Warnings |Status |Description       |
+------+------------------+-------+---------+-------+------------------+
|1     |multi_driven_nets |      0|        0|Passed |Multi driven nets |
+------+------------------+-------+---------+-------+------------------+
---------------------------------------------------------------------------------
Finished RTL Optimization Phase 1 : Time (s): cpu = 00:00:06 ; elapsed = 00:00:06 . Memory (MB): peak = 453.316 ; gain = 153.543
---------------------------------------------------------------------------------
INFO: [Device 21-403] Loading part xc7z045ffg900-3
INFO: [Project 1-570] Preparing netlist for logic optimization

Processing XDC Constraints
Initializing timing engine
Parsing XDC File [D:/XILINX_PROJECTS/TIMING-MADD-REV02/TIMING-MADD-REV02.srcs/constrs_1/new/TIMING.xdc]
WARNING: [Vivado 12-507] No nets matched 'U7/O[0]'. [D:/XILINX_PROJECTS/TIMING-MADD-REV02/TIMING-MADD-REV02.srcs/constrs_1/new/TIMING.xdc:4]
CRITICAL WARNING: [Common 17-55] 'set_property' expects at least one object. [D:/XILINX_PROJECTS/TIMING-MADD-REV02/TIMING-MADD-REV02.srcs/constrs_1/new/TIMING.xdc:4]
Resolution: If [get_<value>] was used to populate the object, check to make sure this command returns at least one valid object.
WARNING: [Vivado 12-507] No nets matched 'U7/O[1]'. [D:/XILINX_PROJECTS/TIMING-MADD-REV02/TIMING-MADD-REV02.srcs/constrs_1/new/TIMING.xdc:5]
CRITICAL WARNING: [Common 17-55] 'set_property' expects at least one object. [D:/XILINX_PROJECTS/TIMING-MADD-REV02/TIMING-MADD-REV02.srcs/constrs_1/new/TIMING.xdc:5]
Resolution: If [get_<value>] was used to populate the object, check to make sure this command returns at least one valid object.
Finished Parsing XDC File [D:/XILINX_PROJECTS/TIMING-MADD-REV02/TIMING-MADD-REV02.srcs/constrs_1/new/TIMING.xdc]
Completed Processing XDC Constraints

INFO: [Project 1-111] Unisim Transformation Summary:
No Unisim elements were transformed.

Constraint Validation Runtime : Time (s): cpu = 00:00:00 ; elapsed = 00:00:00.014 . Memory (MB): peak = 913.953 ; gain = 0.000
---------------------------------------------------------------------------------
Finished Constraint Validation : Time (s): cpu = 00:00:19 ; elapsed = 00:00:19 . Memory (MB): peak = 913.953 ; gain = 614.180
---------------------------------------------------------------------------------
---------------------------------------------------------------------------------
Start Loading Part and Timing Information
---------------------------------------------------------------------------------
Loading part: xc7z045ffg900-3
---------------------------------------------------------------------------------
Finished Loading Part and Timing Information : Time (s): cpu = 00:00:19 ; elapsed = 00:00:19 . Memory (MB): peak = 913.953 ; gain = 614.180
---------------------------------------------------------------------------------
---------------------------------------------------------------------------------
Start Applying 'set_property' XDC Constraints
---------------------------------------------------------------------------------
---------------------------------------------------------------------------------
Finished applying 'set_property' XDC Constraints : Time (s): cpu = 00:00:19 ; elapsed = 00:00:19 . Memory (MB): peak = 913.953 ; gain = 614.180
---------------------------------------------------------------------------------
WARNING: [Synth 8-6014] Unused sequential element k_reg was removed.  [D:/XILINX_PROJECTS/TIMING-MADD-REV02/TIMING-MADD-REV02.srcs/sources_1/new/INTMM.vhd:128]
---------------------------------------------------------------------------------
Finished RTL Optimization Phase 2 : Time (s): cpu = 00:00:19 ; elapsed = 00:00:20 . Memory (MB): peak = 913.953 ; gain = 614.180
---------------------------------------------------------------------------------

Report RTL Partitions: 
+------+----------------+------------+----------+
|      |RTL Partition   |Replication |Instances |
+------+----------------+------------+----------+
|1     |REDUCER__GB0    |           1|     21160|
|2     |REDUCER__GB1    |           1|     11700|
|3     |INTLVD_RED__GC0 |           1|     21465|
+------+----------------+------------+----------+
---------------------------------------------------------------------------------
Start RTL Component Statistics 
---------------------------------------------------------------------------------
Detailed RTL Component Info : 
+---Adders : 
	   2 Input    260 Bit       Adders := 1     
	   2 Input    256 Bit       Adders := 6     
	   2 Input    255 Bit       Adders := 16    
	   2 Input     32 Bit       Adders := 1     
	   2 Input      4 Bit       Adders := 1     
+---XORs : 
	   2 Input    259 Bit         XORs := 1     
	   3 Input    255 Bit         XORs := 1     
	   2 Input    255 Bit         XORs := 6     
	   2 Input     11 Bit         XORs := 1     
+---Registers : 
	              260 Bit    Registers := 3     
	                3 Bit    Registers := 2     
	                1 Bit    Registers := 2     
+---Multipliers : 
	                 3x32  Multipliers := 1     
+---Muxes : 
	   2 Input    255 Bit        Muxes := 7     
	   9 Input      3 Bit        Muxes := 1     
	   8 Input      1 Bit        Muxes := 4     
---------------------------------------------------------------------------------
Finished RTL Component Statistics 
---------------------------------------------------------------------------------
---------------------------------------------------------------------------------
Start RTL Hierarchical Component Statistics 
---------------------------------------------------------------------------------
Hierarchical RTL Component report 
Module INTLVD_RED 
Detailed RTL Component Info : 
+---Adders : 
	   2 Input    260 Bit       Adders := 1     
	   2 Input     32 Bit       Adders := 1     
+---Registers : 
	              260 Bit    Registers := 1     
	                3 Bit    Registers := 2     
	                1 Bit    Registers := 2     
+---Multipliers : 
	                 3x32  Multipliers := 1     
+---Muxes : 
	   9 Input      3 Bit        Muxes := 1     
	   8 Input      1 Bit        Muxes := 4     
Module REDUCER 
Detailed RTL Component Info : 
+---Adders : 
	   2 Input    255 Bit       Adders := 10    
+---Muxes : 
	   2 Input    255 Bit        Muxes := 1     
Module CSA1 
Detailed RTL Component Info : 
+---XORs : 
	   3 Input    255 Bit         XORs := 1     
Module CSA2 
Detailed RTL Component Info : 
+---XORs : 
	   2 Input    259 Bit         XORs := 1     
	   2 Input     11 Bit         XORs := 1     
Module REGCSA__1 
Detailed RTL Component Info : 
+---Registers : 
	              260 Bit    Registers := 1     
Module REGCSA 
Detailed RTL Component Info : 
+---Registers : 
	              260 Bit    Registers := 1     
Module SELUNIT 
Detailed RTL Component Info : 
+---Adders : 
	   2 Input      4 Bit       Adders := 1     
Module MADD__1 
Detailed RTL Component Info : 
+---Adders : 
	   2 Input    256 Bit       Adders := 1     
	   2 Input    255 Bit       Adders := 1     
+---XORs : 
	   2 Input    255 Bit         XORs := 1     
+---Muxes : 
	   2 Input    255 Bit        Muxes := 1     
Module MADD__2 
Detailed RTL Component Info : 
+---Adders : 
	   2 Input    256 Bit       Adders := 1     
	   2 Input    255 Bit       Adders := 1     
+---XORs : 
	   2 Input    255 Bit         XORs := 1     
+---Muxes : 
	   2 Input    255 Bit        Muxes := 1     
Module MADD__3 
Detailed RTL Component Info : 
+---Adders : 
	   2 Input    256 Bit       Adders := 1     
	   2 Input    255 Bit       Adders := 1     
+---XORs : 
	   2 Input    255 Bit         XORs := 1     
+---Muxes : 
	   2 Input    255 Bit        Muxes := 1     
Module MADD__4 
Detailed RTL Component Info : 
+---Adders : 
	   2 Input    256 Bit       Adders := 1     
	   2 Input    255 Bit       Adders := 1     
+---XORs : 
	   2 Input    255 Bit         XORs := 1     
+---Muxes : 
	   2 Input    255 Bit        Muxes := 1     
Module MADD__5 
Detailed RTL Component Info : 
+---Adders : 
	   2 Input    256 Bit       Adders := 1     
	   2 Input    255 Bit       Adders := 1     
+---XORs : 
	   2 Input    255 Bit         XORs := 1     
+---Muxes : 
	   2 Input    255 Bit        Muxes := 1     
Module MADD 
Detailed RTL Component Info : 
+---Adders : 
	   2 Input    256 Bit       Adders := 1     
	   2 Input    255 Bit       Adders := 1     
+---XORs : 
	   2 Input    255 Bit         XORs := 1     
+---Muxes : 
	   2 Input    255 Bit        Muxes := 1     
---------------------------------------------------------------------------------
Finished RTL Hierarchical Component Statistics
---------------------------------------------------------------------------------
---------------------------------------------------------------------------------
Start Part Resource Summary
---------------------------------------------------------------------------------
Part Resources:
DSPs: 900 (col length:140)
BRAMs: 1090 (col length: RAMB18 140 RAMB36 70)
---------------------------------------------------------------------------------
Finished Part Resource Summary
---------------------------------------------------------------------------------
---------------------------------------------------------------------------------
Start Cross Boundary and Area Optimization
---------------------------------------------------------------------------------
WARNING: [Synth 8-6014] Unused sequential element k_reg was removed.  [D:/XILINX_PROJECTS/TIMING-MADD-REV02/TIMING-MADD-REV02.srcs/sources_1/new/INTMM.vhd:128]
INFO: [Synth 8-3886] merging instance 'i_2/U4/Z_reg[0]' (FDC) to 'i_2/U4/Z_reg[259]'
INFO: [Synth 8-3886] merging instance 'i_2/U4/Z_reg[1]' (FDC) to 'i_2/U4/Z_reg[259]'
INFO: [Synth 8-3886] merging instance 'i_2/U4/Z_reg[2]' (FDC) to 'i_2/U4/Z_reg[259]'
INFO: [Synth 8-3886] merging instance 'i_2/U4/Z_reg[3]' (FDC) to 'i_2/U4/Z_reg[259]'
INFO: [Synth 8-3886] merging instance 'i_2/U3/Z_reg[259]' (FDC) to 'i_2/U4/Z_reg[259]'
INFO: [Synth 8-3333] propagating constant 0 across sequential element (i_2/\U4/Z_reg[259] )
---------------------------------------------------------------------------------
Finished Cross Boundary and Area Optimization : Time (s): cpu = 00:01:33 ; elapsed = 00:01:35 . Memory (MB): peak = 913.953 ; gain = 614.180
---------------------------------------------------------------------------------

Report RTL Partitions: 
+------+----------------+------------+----------+
|      |RTL Partition   |Replication |Instances |
+------+----------------+------------+----------+
|1     |REDUCER__GB0    |           1|     13409|
|2     |REDUCER__GB1    |           1|       494|
|3     |INTLVD_RED__GC0 |           1|      9823|
+------+----------------+------------+----------+
---------------------------------------------------------------------------------
Start Applying XDC Timing Constraints
---------------------------------------------------------------------------------
---------------------------------------------------------------------------------
Finished Applying XDC Timing Constraints : Time (s): cpu = 00:01:43 ; elapsed = 00:01:44 . Memory (MB): peak = 958.930 ; gain = 659.156
---------------------------------------------------------------------------------
---------------------------------------------------------------------------------
Start Timing Optimization
---------------------------------------------------------------------------------
---------------------------------------------------------------------------------
Finished Timing Optimization : Time (s): cpu = 00:01:55 ; elapsed = 00:01:57 . Memory (MB): peak = 1264.691 ; gain = 964.918
---------------------------------------------------------------------------------

Report RTL Partitions: 
+------+----------------+------------+----------+
|      |RTL Partition   |Replication |Instances |
+------+----------------+------------+----------+
|1     |REDUCER__GB0    |           1|     13409|
|2     |REDUCER__GB1    |           1|       494|
|3     |INTLVD_RED__GC0 |           1|      9823|
+------+----------------+------------+----------+
---------------------------------------------------------------------------------
Start Technology Mapping
---------------------------------------------------------------------------------
INFO: [Synth 8-5816] Retiming module `INTLVD_RED`
	Effective logic levels on critical path before retiming is: 21
	Total number of crtical paths = 24

	Optimizing at the module level
	Cannot find a feasible solution:
		Effective logic levels from U4/Z_reg[4](fixed:INPUT) to SZ_reg[244](fixed:OUTPUT) is: 20
		Effective logic levels found across for latency (=1) is: 20
	Optimizing locally to improve critical paths(may not reduce worst delay)

	Effective logic levels on critical path after retiming is: 21
	Total number of crtical paths = 24
	Numbers of forward move = 0, and backward move = 0


INFO: [Synth 8-5816] Retiming module `INTLVD_RED' done


---------------------------------------------------------------------------------
Finished Technology Mapping : Time (s): cpu = 00:02:44 ; elapsed = 00:02:46 . Memory (MB): peak = 1642.008 ; gain = 1342.234
---------------------------------------------------------------------------------

Report RTL Partitions: 
+-+--------------+------------+----------+
| |RTL Partition |Replication |Instances |
+-+--------------+------------+----------+
+-+--------------+------------+----------+
---------------------------------------------------------------------------------
Start IO Insertion
---------------------------------------------------------------------------------
---------------------------------------------------------------------------------
Start Flattening Before IO Insertion
---------------------------------------------------------------------------------
---------------------------------------------------------------------------------
Finished Flattening Before IO Insertion
---------------------------------------------------------------------------------
---------------------------------------------------------------------------------
Start Final Netlist Cleanup
---------------------------------------------------------------------------------
---------------------------------------------------------------------------------
Finished Final Netlist Cleanup
---------------------------------------------------------------------------------
---------------------------------------------------------------------------------
Finished IO Insertion : Time (s): cpu = 00:02:50 ; elapsed = 00:02:52 . Memory (MB): peak = 1642.008 ; gain = 1342.234
---------------------------------------------------------------------------------

Report Check Netlist: 
+------+------------------+-------+---------+-------+------------------+
|      |Item              |Errors |Warnings |Status |Description       |
+------+------------------+-------+---------+-------+------------------+
|1     |multi_driven_nets |      0|        0|Passed |Multi driven nets |
+------+------------------+-------+---------+-------+------------------+
---------------------------------------------------------------------------------
Start Renaming Generated Instances
---------------------------------------------------------------------------------
---------------------------------------------------------------------------------
Finished Renaming Generated Instances : Time (s): cpu = 00:02:50 ; elapsed = 00:02:52 . Memory (MB): peak = 1642.008 ; gain = 1342.234
---------------------------------------------------------------------------------

Report RTL Partitions: 
+-+--------------+------------+----------+
| |RTL Partition |Replication |Instances |
+-+--------------+------------+----------+
+-+--------------+------------+----------+
---------------------------------------------------------------------------------
Start Rebuilding User Hierarchy
---------------------------------------------------------------------------------
---------------------------------------------------------------------------------
Finished Rebuilding User Hierarchy : Time (s): cpu = 00:02:50 ; elapsed = 00:02:53 . Memory (MB): peak = 1642.008 ; gain = 1342.234
---------------------------------------------------------------------------------
---------------------------------------------------------------------------------
Start Renaming Generated Ports
---------------------------------------------------------------------------------
---------------------------------------------------------------------------------
Finished Renaming Generated Ports : Time (s): cpu = 00:02:50 ; elapsed = 00:02:53 . Memory (MB): peak = 1642.008 ; gain = 1342.234
---------------------------------------------------------------------------------
---------------------------------------------------------------------------------
Start Handling Custom Attributes
---------------------------------------------------------------------------------
---------------------------------------------------------------------------------
Finished Handling Custom Attributes : Time (s): cpu = 00:02:51 ; elapsed = 00:02:53 . Memory (MB): peak = 1642.008 ; gain = 1342.234
---------------------------------------------------------------------------------
---------------------------------------------------------------------------------
Start Renaming Generated Nets
---------------------------------------------------------------------------------
---------------------------------------------------------------------------------
Finished Renaming Generated Nets : Time (s): cpu = 00:02:51 ; elapsed = 00:02:54 . Memory (MB): peak = 1642.008 ; gain = 1342.234
---------------------------------------------------------------------------------
---------------------------------------------------------------------------------
Start Writing Synthesis Report
---------------------------------------------------------------------------------

Report BlackBoxes: 
+-+--------------+----------+
| |BlackBox name |Instances |
+-+--------------+----------+
+-+--------------+----------+

Report Cell Usage: 
+------+-------+------+
|      |Cell   |Count |
+------+-------+------+
|1     |BUFG   |     1|
|2     |CARRY4 |  1626|
|3     |LUT1   |    77|
|4     |LUT2   |  1648|
|5     |LUT3   |  1537|
|6     |LUT4   |  1270|
|7     |LUT5   |  1791|
|8     |LUT6   |  2631|
|9     |MUXF7  |    29|
|10    |MUXF8  |    14|
|11    |FDCE   |   810|
|12    |FDPE   |     4|
|13    |IBUF   |   512|
|14    |OBUF   |   255|
+------+-------+------+

Report Instance Areas: 
+------+---------+---------+------+
|      |Instance |Module   |Cells |
+------+---------+---------+------+
|1     |top      |         | 12205|
|2     |  U3     |REGCSA   |  2574|
|3     |  U4     |REGCSA_0 |   264|
|4     |  U7     |LUT_Y    |  4461|
+------+---------+---------+------+
---------------------------------------------------------------------------------
Finished Writing Synthesis Report : Time (s): cpu = 00:02:51 ; elapsed = 00:02:54 . Memory (MB): peak = 1642.008 ; gain = 1342.234
---------------------------------------------------------------------------------
Synthesis finished with 0 errors, 0 critical warnings and 2 warnings.
Synthesis Optimization Runtime : Time (s): cpu = 00:02:37 ; elapsed = 00:02:46 . Memory (MB): peak = 1642.008 ; gain = 881.598
Synthesis Optimization Complete : Time (s): cpu = 00:02:51 ; elapsed = 00:02:54 . Memory (MB): peak = 1642.008 ; gain = 1342.234
INFO: [Project 1-571] Translating synthesized netlist
INFO: [Netlist 29-17] Analyzing 2181 Unisim elements for replacement
INFO: [Netlist 29-28] Unisim Transformation completed in 0 CPU seconds
INFO: [Project 1-570] Preparing netlist for logic optimization
INFO: [Opt 31-138] Pushed 0 inverter(s) to 0 load pin(s).
INFO: [Project 1-111] Unisim Transformation Summary:
No Unisim elements were transformed.

INFO: [Common 17-83] Releasing license: Synthesis
51 Infos, 13 Warnings, 2 Critical Warnings and 0 Errors encountered.
synth_design completed successfully
synth_design: Time (s): cpu = 00:02:58 ; elapsed = 00:03:02 . Memory (MB): peak = 1642.008 ; gain = 1358.793
INFO: [Common 17-1381] The checkpoint 'D:/XILINX_PROJECTS/TIMING-MADD-REV02/TIMING-MADD-REV02.runs/synth_12/INTLVD_RED.dcp' has been generated.
INFO: [runtcl-4] Executing : report_utilization -file INTLVD_RED_utilization_synth.rpt -pb INTLVD_RED_utilization_synth.pb
report_utilization: Time (s): cpu = 00:00:00 ; elapsed = 00:00:00.211 . Memory (MB): peak = 1642.008 ; gain = 0.000
INFO: [Common 17-206] Exiting Vivado at Thu Aug 29 08:24:25 2019...
